Warning: duplicate option '-nosplit' overrides previous value. (CMD-018)
 
****************************************
Report : timing
        -path full
        -delay max
        -input_pins
        -nets
        -group i2o
        -max_paths 20
        -transition_time
        -capacitance
Design : mkViterbiDecoder
Version: U-2022.12
Date   : Sun Nov  9 02:50:53 2025
****************************************

 # A fanout number of 1000 was used for high fanout net computations.

Operating Conditions: ss0p75v25c   Library: saed32lvt_ss0p75v25c
Wire Load Model Mode: enclosed
No paths.

1
