Information: Propagating switching activity (low effort zero delay simulation). (PWR-6)
Warning: Design has unannotated primary inputs. (PWR-414)
Warning: Design has unannotated sequential cell outputs. (PWR-415)
 
****************************************
Report : power
        -hier
        -analysis_effort low
Design : mkViterbiDecoder
Version: U-2022.12
Date   : Sun Nov  9 14:42:17 2025
****************************************


Library(s) Used:

    saed32lvt_ss0p75v25c (File: /home/tools/pdk/SAED32nm_EDK_02_2024/lib/stdcell_lvt/db_nldm/saed32lvt_ss0p75v25c.db)


Operating Conditions: ss0p75v25c   Library: saed32lvt_ss0p75v25c
Wire Load Model Mode: enclosed

Design        Wire Load Model            Library
------------------------------------------------
mkViterbiDecoder       16000             saed32lvt_ss0p75v25c
mkFpAdder              8000              saed32lvt_ss0p75v25c
FIFO1_0000000a_1_3     ForQA             saed32lvt_ss0p75v25c
FIFO1_0000000a_1_2     ForQA             saed32lvt_ss0p75v25c
FIFO1_0000000a_1_1     ForQA             saed32lvt_ss0p75v25c
FIFO1_0000000a_1_0     ForQA             saed32lvt_ss0p75v25c
FIFO1_00000001_1_1     ForQA             saed32lvt_ss0p75v25c
FIFO1_00000001_1_0     ForQA             saed32lvt_ss0p75v25c
FIFO1_00000020_1_5     8000              saed32lvt_ss0p75v25c
FIFO1_00000020_1_4     8000              saed32lvt_ss0p75v25c
FIFO1_00000020_1_3     8000              saed32lvt_ss0p75v25c
FIFO1_00000020_1_2     8000              saed32lvt_ss0p75v25c
FIFO1_00000020_1_1     8000              saed32lvt_ss0p75v25c
FIFO1_00000020_1_0     8000              saed32lvt_ss0p75v25c
FIFO1_0000002a_1       8000              saed32lvt_ss0p75v25c
FIFO1_0000002b_1       8000              saed32lvt_ss0p75v25c
SNPS_CLOCK_GATE_HIGH_mkViterbiDecoder_17
                       ForQA             saed32lvt_ss0p75v25c
SNPS_CLOCK_GATE_HIGH_mkViterbiDecoder_16
                       ForQA             saed32lvt_ss0p75v25c
SNPS_CLOCK_GATE_HIGH_mkViterbiDecoder_15
                       ForQA             saed32lvt_ss0p75v25c
SNPS_CLOCK_GATE_HIGH_mkViterbiDecoder_14
                       ForQA             saed32lvt_ss0p75v25c
SNPS_CLOCK_GATE_HIGH_mkViterbiDecoder_13
                       ForQA             saed32lvt_ss0p75v25c
SNPS_CLOCK_GATE_HIGH_mkViterbiDecoder_12
                       ForQA             saed32lvt_ss0p75v25c
SNPS_CLOCK_GATE_HIGH_mkViterbiDecoder_11
                       ForQA             saed32lvt_ss0p75v25c
SNPS_CLOCK_GATE_HIGH_mkViterbiDecoder_10
                       ForQA             saed32lvt_ss0p75v25c
SNPS_CLOCK_GATE_HIGH_mkViterbiDecoder_9
                       ForQA             saed32lvt_ss0p75v25c
SNPS_CLOCK_GATE_HIGH_mkViterbiDecoder_8
                       ForQA             saed32lvt_ss0p75v25c
SNPS_CLOCK_GATE_HIGH_mkViterbiDecoder_7
                       ForQA             saed32lvt_ss0p75v25c
SNPS_CLOCK_GATE_HIGH_mkViterbiDecoder_6
                       ForQA             saed32lvt_ss0p75v25c
SNPS_CLOCK_GATE_HIGH_mkViterbiDecoder_5
                       ForQA             saed32lvt_ss0p75v25c
SNPS_CLOCK_GATE_HIGH_mkViterbiDecoder_4
                       ForQA             saed32lvt_ss0p75v25c
SNPS_CLOCK_GATE_HIGH_mkViterbiDecoder_3
                       ForQA             saed32lvt_ss0p75v25c
SNPS_CLOCK_GATE_HIGH_mkViterbiDecoder_2
                       ForQA             saed32lvt_ss0p75v25c
SNPS_CLOCK_GATE_HIGH_mkViterbiDecoder_1
                       ForQA             saed32lvt_ss0p75v25c
SNPS_CLOCK_GATE_HIGH_mkViterbiDecoder_0
                       ForQA             saed32lvt_ss0p75v25c
SNPS_CLOCK_GATE_HIGH_FIFO1_0000000a_1_3
                       ForQA             saed32lvt_ss0p75v25c
SNPS_CLOCK_GATE_HIGH_FIFO1_0000000a_1_2
                       ForQA             saed32lvt_ss0p75v25c
SNPS_CLOCK_GATE_HIGH_FIFO1_0000000a_1_1
                       ForQA             saed32lvt_ss0p75v25c
SNPS_CLOCK_GATE_HIGH_FIFO1_0000000a_1_0
                       ForQA             saed32lvt_ss0p75v25c
SNPS_CLOCK_GATE_HIGH_FIFO1_00000020_1_5
                       ForQA             saed32lvt_ss0p75v25c
SNPS_CLOCK_GATE_HIGH_FIFO1_00000020_1_4
                       ForQA             saed32lvt_ss0p75v25c
SNPS_CLOCK_GATE_HIGH_FIFO1_00000020_1_3
                       ForQA             saed32lvt_ss0p75v25c
SNPS_CLOCK_GATE_HIGH_FIFO1_00000020_1_2
                       ForQA             saed32lvt_ss0p75v25c
SNPS_CLOCK_GATE_HIGH_FIFO1_00000020_1_1
                       ForQA             saed32lvt_ss0p75v25c
SNPS_CLOCK_GATE_HIGH_FIFO1_00000020_1_0
                       ForQA             saed32lvt_ss0p75v25c
SNPS_CLOCK_GATE_HIGH_FIFO1_0000002a_1
                       ForQA             saed32lvt_ss0p75v25c
SNPS_CLOCK_GATE_HIGH_FIFO1_0000002b_1
                       ForQA             saed32lvt_ss0p75v25c


Global Operating Voltage = 0.75 
Power-specific unit information :
    Voltage Units = 1V
    Capacitance Units = 1.000000ff
    Time Units = 1ns
    Dynamic Power Units = 1uW    (derived from V,C,T units)
    Leakage Power Units = 1pW


--------------------------------------------------------------------------------
                                       Switch   Int      Leak     Total
Hierarchy                              Power    Power    Power    Power    %
--------------------------------------------------------------------------------
mkViterbiDecoder                         31.074  194.306 3.23e+08  548.352 100.0
  writeReqFIFO_Output (FIFO1_0000002b_1)
                                          0.164    1.216 9.51e+06   10.886   2.0
  writeReqFIFO_BTB (FIFO1_0000002a_1)  9.30e-02    0.646 9.25e+06    9.987   1.8
  readRespFIFO_NM2 (FIFO1_00000020_1_0)
                                          1.255    9.814 8.25e+06   19.316   3.5
  readRespFIFO_NM1 (FIFO1_00000020_1_1)
                                          1.361    9.960 8.32e+06   19.638   3.6
  readRespFIFO_Input1 (FIFO1_00000020_1_2)
                                          1.297    9.931 8.25e+06   19.474   3.6
  readRespFIFO_BTB1 (FIFO1_00000020_1_3)
                                          1.313   10.213 8.25e+06   19.777   3.6
  readRespFIFO_B1 (FIFO1_00000020_1_4)    1.244    9.933 8.25e+06   19.428   3.5
  readRespFIFO_A1 (FIFO1_00000020_1_5)    1.258   10.016 8.25e+06   19.526   3.6
  readReqFIFO_NM2 (FIFO1_00000001_1_0) 1.04e-02    0.582 2.55e+05    0.847   0.2
  readReqFIFO_NM1 (FIFO1_00000001_1_1) 1.02e-02    0.581 2.56e+05    0.847   0.2
  readReqFIFO_Input1 (FIFO1_0000000a_1_0)
                                       9.29e-02    0.643 2.58e+06    3.320   0.6
  readReqFIFO_BTB1 (FIFO1_0000000a_1_1)
                                       9.31e-02    0.639 2.57e+06    3.302   0.6
  readReqFIFO_B1 (FIFO1_0000000a_1_2)  9.21e-02    0.691 2.94e+06    3.725   0.7
  readReqFIFO_A1 (FIFO1_0000000a_1_3)  9.30e-02    0.643 2.90e+06    3.633   0.7
  fpAdder1 (mkFpAdder)                    1.315    2.487 5.09e+07   54.703  10.0
1
