 
****************************************
check_design summary:
Version:     U-2022.12
Date:        Sun Nov  9 15:19:25 2025
****************************************

                   Name                                            Total
--------------------------------------------------------------------------------
Inputs/Outputs                                                     46
    Unconnected ports (LINT-28)                                    39
    Shorted outputs (LINT-31)                                       2
    Constant outputs (LINT-52)                                      5

Cells                                                              23
    Connected to power or ground (LINT-32)                         21
    Nets connected to multiple pins on same cell (LINT-33)          2

Nets                                                                3
    Unloaded nets (LINT-2)                                          3
--------------------------------------------------------------------------------

Warning: In design 'mkViterbiDecoder', net 'SYNOPSYS_UNCONNECTED_3' driven by pin 'readReqFIFO_NM2/D_OUT[0]' has no loads. (LINT-2)
Warning: In design 'mkViterbiDecoder', net 'SYNOPSYS_UNCONNECTED_2' driven by pin 'readReqFIFO_NM1/D_OUT[0]' has no loads. (LINT-2)
Warning: In design 'mkViterbiDecoder', net 'SYNOPSYS_UNCONNECTED_1' driven by pin 'fpAdder1/add[0]' has no loads. (LINT-2)
Warning: In design 'mkFpAdder', port 'CLK' is not connected to any nets. (LINT-28)
Warning: In design 'mkFpAdder', port 'RST_N' is not connected to any nets. (LINT-28)
Warning: In design 'mkFpAdder', port 'add_a[31]' is not connected to any nets. (LINT-28)
Warning: In design 'mkFpAdder', port 'add_b[31]' is not connected to any nets. (LINT-28)
Warning: In design 'mkFpAdder', port 'EN_add' is not connected to any nets. (LINT-28)
Warning: In design 'mkFpAdder', port 'add[0]' is not connected to any nets. (LINT-28)
Warning: In design 'mkFpAdder', port 'RDY_add' is not connected to any nets. (LINT-28)
Warning: In design 'FIFO1_0000000a_1_3', port 'FULL_N' is not connected to any nets. (LINT-28)
Warning: In design 'FIFO1_0000000a_1_3', port 'CLR' is not connected to any nets. (LINT-28)
Warning: In design 'FIFO1_0000000a_1_2', port 'FULL_N' is not connected to any nets. (LINT-28)
Warning: In design 'FIFO1_0000000a_1_2', port 'CLR' is not connected to any nets. (LINT-28)
Warning: In design 'FIFO1_0000000a_1_1', port 'FULL_N' is not connected to any nets. (LINT-28)
Warning: In design 'FIFO1_0000000a_1_1', port 'CLR' is not connected to any nets. (LINT-28)
Warning: In design 'FIFO1_0000000a_1_0', port 'FULL_N' is not connected to any nets. (LINT-28)
Warning: In design 'FIFO1_0000000a_1_0', port 'CLR' is not connected to any nets. (LINT-28)
Warning: In design 'FIFO1_00000001_1_1', port 'D_IN[0]' is not connected to any nets. (LINT-28)
Warning: In design 'FIFO1_00000001_1_1', port 'FULL_N' is not connected to any nets. (LINT-28)
Warning: In design 'FIFO1_00000001_1_1', port 'D_OUT[0]' is not connected to any nets. (LINT-28)
Warning: In design 'FIFO1_00000001_1_1', port 'CLR' is not connected to any nets. (LINT-28)
Warning: In design 'FIFO1_00000001_1_0', port 'D_IN[0]' is not connected to any nets. (LINT-28)
Warning: In design 'FIFO1_00000001_1_0', port 'FULL_N' is not connected to any nets. (LINT-28)
Warning: In design 'FIFO1_00000001_1_0', port 'D_OUT[0]' is not connected to any nets. (LINT-28)
Warning: In design 'FIFO1_00000001_1_0', port 'CLR' is not connected to any nets. (LINT-28)
Warning: In design 'FIFO1_00000020_1_5', port 'EMPTY_N' is not connected to any nets. (LINT-28)
Warning: In design 'FIFO1_00000020_1_5', port 'CLR' is not connected to any nets. (LINT-28)
Warning: In design 'FIFO1_00000020_1_4', port 'EMPTY_N' is not connected to any nets. (LINT-28)
Warning: In design 'FIFO1_00000020_1_4', port 'CLR' is not connected to any nets. (LINT-28)
Warning: In design 'FIFO1_00000020_1_3', port 'EMPTY_N' is not connected to any nets. (LINT-28)
Warning: In design 'FIFO1_00000020_1_3', port 'CLR' is not connected to any nets. (LINT-28)
Warning: In design 'FIFO1_00000020_1_2', port 'EMPTY_N' is not connected to any nets. (LINT-28)
Warning: In design 'FIFO1_00000020_1_2', port 'CLR' is not connected to any nets. (LINT-28)
Warning: In design 'FIFO1_00000020_1_1', port 'EMPTY_N' is not connected to any nets. (LINT-28)
Warning: In design 'FIFO1_00000020_1_1', port 'CLR' is not connected to any nets. (LINT-28)
Warning: In design 'FIFO1_00000020_1_0', port 'EMPTY_N' is not connected to any nets. (LINT-28)
Warning: In design 'FIFO1_00000020_1_0', port 'CLR' is not connected to any nets. (LINT-28)
Warning: In design 'FIFO1_0000002a_1', port 'FULL_N' is not connected to any nets. (LINT-28)
Warning: In design 'FIFO1_0000002a_1', port 'CLR' is not connected to any nets. (LINT-28)
Warning: In design 'FIFO1_0000002b_1', port 'FULL_N' is not connected to any nets. (LINT-28)
Warning: In design 'FIFO1_0000002b_1', port 'CLR' is not connected to any nets. (LINT-28)
Warning: In design 'mkViterbiDecoder', output port 'RDY_done' is connected directly to output port 'RDY_fpError'. (LINT-31)
Warning: In design 'mkViterbiDecoder', output port 'RDY_done' is connected directly to output port 'RDY_inputError'. (LINT-31)
Warning: In design 'mkViterbiDecoder', a pin on submodule 'fpAdder1' is connected to logic 1 or logic 0. (LINT-32)
   Pin 'CLK' is connected to logic 0. 
Warning: In design 'mkViterbiDecoder', a pin on submodule 'fpAdder1' is connected to logic 1 or logic 0. (LINT-32)
   Pin 'RST_N' is connected to logic 0. 
Warning: In design 'mkViterbiDecoder', a pin on submodule 'fpAdder1' is connected to logic 1 or logic 0. (LINT-32)
   Pin 'add_a[31]' is connected to logic 0. 
Warning: In design 'mkViterbiDecoder', a pin on submodule 'fpAdder1' is connected to logic 1 or logic 0. (LINT-32)
   Pin 'add_b[31]' is connected to logic 0. 
Warning: In design 'mkViterbiDecoder', a pin on submodule 'fpAdder1' is connected to logic 1 or logic 0. (LINT-32)
   Pin 'EN_add' is connected to logic 0. 
Warning: In design 'mkViterbiDecoder', a pin on submodule 'readReqFIFO_A1' is connected to logic 1 or logic 0. (LINT-32)
   Pin 'CLR' is connected to logic 0. 
Warning: In design 'mkViterbiDecoder', a pin on submodule 'readReqFIFO_B1' is connected to logic 1 or logic 0. (LINT-32)
   Pin 'CLR' is connected to logic 0. 
Warning: In design 'mkViterbiDecoder', a pin on submodule 'readReqFIFO_BTB1' is connected to logic 1 or logic 0. (LINT-32)
   Pin 'CLR' is connected to logic 0. 
Warning: In design 'mkViterbiDecoder', a pin on submodule 'readReqFIFO_Input1' is connected to logic 1 or logic 0. (LINT-32)
   Pin 'CLR' is connected to logic 0. 
Warning: In design 'mkViterbiDecoder', a pin on submodule 'readReqFIFO_NM1' is connected to logic 1 or logic 0. (LINT-32)
   Pin 'D_IN[0]' is connected to logic 0. 
Warning: In design 'mkViterbiDecoder', a pin on submodule 'readReqFIFO_NM1' is connected to logic 1 or logic 0. (LINT-32)
   Pin 'CLR' is connected to logic 0. 
Warning: In design 'mkViterbiDecoder', a pin on submodule 'readReqFIFO_NM2' is connected to logic 1 or logic 0. (LINT-32)
   Pin 'D_IN[0]' is connected to logic 1. 
Warning: In design 'mkViterbiDecoder', a pin on submodule 'readReqFIFO_NM2' is connected to logic 1 or logic 0. (LINT-32)
   Pin 'CLR' is connected to logic 0. 
Warning: In design 'mkViterbiDecoder', a pin on submodule 'readRespFIFO_A1' is connected to logic 1 or logic 0. (LINT-32)
   Pin 'CLR' is connected to logic 0. 
Warning: In design 'mkViterbiDecoder', a pin on submodule 'readRespFIFO_B1' is connected to logic 1 or logic 0. (LINT-32)
   Pin 'CLR' is connected to logic 0. 
Warning: In design 'mkViterbiDecoder', a pin on submodule 'readRespFIFO_BTB1' is connected to logic 1 or logic 0. (LINT-32)
   Pin 'CLR' is connected to logic 0. 
Warning: In design 'mkViterbiDecoder', a pin on submodule 'readRespFIFO_Input1' is connected to logic 1 or logic 0. (LINT-32)
   Pin 'CLR' is connected to logic 0. 
Warning: In design 'mkViterbiDecoder', a pin on submodule 'readRespFIFO_NM1' is connected to logic 1 or logic 0. (LINT-32)
   Pin 'CLR' is connected to logic 0. 
Warning: In design 'mkViterbiDecoder', a pin on submodule 'readRespFIFO_NM2' is connected to logic 1 or logic 0. (LINT-32)
   Pin 'CLR' is connected to logic 0. 
Warning: In design 'mkViterbiDecoder', a pin on submodule 'writeReqFIFO_BTB' is connected to logic 1 or logic 0. (LINT-32)
   Pin 'CLR' is connected to logic 0. 
Warning: In design 'mkViterbiDecoder', a pin on submodule 'writeReqFIFO_Output' is connected to logic 1 or logic 0. (LINT-32)
   Pin 'CLR' is connected to logic 0. 
Warning: In design 'mkViterbiDecoder', the same net is connected to more than one pin on submodule 'fpAdder1'. (LINT-33)
   Net 'readReq_NM1' is connected to pins 'CLK', 'RST_N'', 'add_a[31]', 'add_b[31]', 'EN_add'.
Warning: In design 'mkViterbiDecoder', the same net is connected to more than one pin on submodule 'readReqFIFO_NM1'. (LINT-33)
   Net 'readReq_NM1' is connected to pins 'D_IN[0]', 'CLR''.
Warning: In design 'mkViterbiDecoder', output port 'RDY_done' is connected directly to 'logic 1'. (LINT-52)
Warning: In design 'mkViterbiDecoder', output port 'RDY_inputError' is connected directly to 'logic 1'. (LINT-52)
Warning: In design 'mkViterbiDecoder', output port 'RDY_fpError' is connected directly to 'logic 1'. (LINT-52)
Warning: In design 'mkViterbiDecoder', output port 'readReq_NM1' is connected directly to 'logic 0'. (LINT-52)
Warning: In design 'mkViterbiDecoder', output port 'readReq_NM2' is connected directly to 'logic 1'. (LINT-52)
1
